<?xml version="1.0" encoding="UTF-8"?>
<!-- Generated by org.testng.reporters.JUnitReportReporter -->
<testsuite hostname="DESKTOP-VO6VRJI" failures="0" tests="1" name="practice.test.ProcedToCheckout" time="42.484" errors="0" timestamp="2023-10-22T00:25:16 IST" skipped="0">
  <testcase classname="practice.test.ProcedToCheckout" name="submitOrder" time="42.484"/>
</testsuite> <!-- practice.test.ProcedToCheckout -->
