<?xml version="1.0" encoding="UTF-8"?>
<!-- Generated by org.testng.reporters.JUnitReportReporter -->
<testsuite hostname="DESKTOP-VO6VRJI" failures="0" tests="2" name="practice.test.ProcedToCheckoutTest" time="29.244" errors="0" timestamp="2023-10-25T14:36:35 IST" skipped="0">
  <testcase classname="practice.test.ProcedToCheckoutTest" name="verifyProductDisplayed" time="14.108"/>
  <testcase classname="practice.test.ProcedToCheckoutTest" name="verifyProductDisplayed" time="15.136"/>
</testsuite> <!-- practice.test.ProcedToCheckoutTest -->
