<?xml version="1.0" encoding="UTF-8"?>
<!-- Generated by org.testng.reporters.JUnitReportReporter -->
<testsuite hostname="DESKTOP-VO6VRJI" failures="0" tests="2" name="practice.test.ProcedToCheckoutTest" time="90.775" errors="0" timestamp="2023-10-25T10:59:53 IST" skipped="0">
  <testcase classname="practice.test.ProcedToCheckoutTest" name="submitOrder" time="36.454"/>
  <testcase classname="practice.test.ProcedToCheckoutTest" name="submitOrder" time="54.321"/>
</testsuite> <!-- practice.test.ProcedToCheckoutTest -->
